<?xml version="1.0" encoding="windows-1252" standalone="no"?>
<!DOCTYPE log SYSTEM "logger.dtd">
<log>
<record>
  <date>2019-08-26T13:24:57</date>
  <millis>1566840297293</millis>
  <sequence>0</sequence>
  <logger>logger.LoggerExample</logger>
  <level>CONFIG</level>
  <class>HandlerExample.HandlerExample</class>
  <method>main</method>
  <thread>1</thread>
  <message>Configuration done.</message>
</record>
<record>
  <date>2019-08-26T13:24:57</date>
  <millis>1566840297330</millis>
  <sequence>1</sequence>
  <logger>logger.LoggerExample</logger>
  <level>FINE</level>
  <class>HandlerExample.HandlerExample</class>
  <method>main</method>
  <thread>1</thread>
  <message>Finer logged</message>
</record>
<record>
  <date>2019-08-26T13:24:57</date>
  <millis>1566840297330</millis>
  <sequence>2</sequence>
  <logger>logger.LoggerExample</logger>
  <level>FINER</level>
  <class>HandlerExample.HandlerExample</class>
  <method>main</method>
  <thread>1</thread>
  <message>Finest example on LOGGER handler completed.</message>
</record>
</log>
